Using pre-set license
Built from '2020.3/staging' branch; Version is '2020.3.30f1 (1fb1bf06830e) revision 2077119'; Using compiler version '192528614'; Build Type 'Release'
OS: 'Windows 10  (10.0.19044) 64bit Core' Language: 'he' Physical Memory: 16262 MB
BatchMode: 1, IsHumanControllingUs: 0, StartBugReporterOnCrash: 0, Is64bit: 1, IsPro: 0

COMMAND LINE ARGUMENTS:
C:\Program Files\Unity\Hub\Editor\2020.3.30f1\Editor\Unity.exe
-adb2
-batchMode
-noUpm
-name
AssetImportWorker0
-projectPath
C:/Users/ASUS/Desktop/חטיבה/סמסטר ב/משחקים מתקדם/project2/ex2-force-field-sapir-bar
-logFile
Logs/AssetImportWorker0.log
-srvPort
57488
Successfully changed project path to: C:/Users/ASUS/Desktop/חטיבה/סמסטר ב/משחקים מתקדם/project2/ex2-force-field-sapir-bar
C:/Users/ASUS/Desktop/חטיבה/סמסטר ב/משחקים מתקדם/project2/ex2-force-field-sapir-bar
Using Asset Import Pipeline V2.
Refreshing native plugins compatible for Editor in 180.43 ms, found 3 plugins.
Preloading 0 native plugins for Editor in 0.00 ms.
Initialize engine version: 2020.3.30f1 (1fb1bf06830e)
[Subsystems] Discovering subsystems at path C:/Program Files/Unity/Hub/Editor/2020.3.30f1/Editor/Data/Resources/UnitySubsystems
[Subsystems] Discovering subsystems at path C:/Users/ASUS/Desktop/חטיבה/סמסטר ב/משחקים מתקדם/project2/ex2-force-field-sapir-bar/Assets
GfxDevice: creating device client; threaded=0
Direct3D:
    Version:  Direct3D 11.0 [level 11.0]
    Renderer: NVIDIA GeForce MX130 (ID=0x174d)
    Vendor:   
    VRAM:     2010 MB
    Driver:   27.21.14.5763
Initialize mono
Mono path[0] = 'C:/Program Files/Unity/Hub/Editor/2020.3.30f1/Editor/Data/Managed'
Mono path[1] = 'C:/Program Files/Unity/Hub/Editor/2020.3.30f1/Editor/Data/MonoBleedingEdge/lib/mono/unityjit'
Mono config path = 'C:/Program Files/Unity/Hub/Editor/2020.3.30f1/Editor/Data/MonoBleedingEdge/etc'
Using monoOptions --debugger-agent=transport=dt_socket,embedding=1,server=y,suspend=n,address=127.0.0.1:56404
Begin MonoManager ReloadAssembly
Registering precompiled unity dll's ...
Register platform support module: C:/Program Files/Unity/Hub/Editor/2020.3.30f1/Editor/Data/PlaybackEngines/MacStandaloneSupport/UnityEditor.OSXStandalone.Extensions.dll
Register platform support module: C:/Program Files/Unity/Hub/Editor/2020.3.30f1/Editor/Data/PlaybackEngines/WindowsStandaloneSupport/UnityEditor.WindowsStandalone.Extensions.dll
Registered in 0.004429 seconds.
Native extension for WindowsStandalone target not found
Native extension for OSXStandalone target not found
Refreshing native plugins compatible for Editor in 101.65 ms, found 3 plugins.
Preloading 0 native plugins for Editor in 0.00 ms.
Mono: successfully reloaded assembly
- Completed reload, in  0.883 seconds
Domain Reload Profiling:
	ReloadAssembly (883ms)
		BeginReloadAssembly (94ms)
			ExecutionOrderSort (0ms)
			DisableScriptedObjects (0ms)
			BackupInstance (0ms)
			ReleaseScriptingObjects (0ms)
			CreateAndSetChildDomain (1ms)
		EndReloadAssembly (689ms)
			LoadAssemblies (91ms)
			RebuildTransferFunctionScriptingTraits (0ms)
			SetupTypeCache (226ms)
			ReleaseScriptCaches (0ms)
			RebuildScriptCaches (41ms)
			SetupLoadedEditorAssemblies (282ms)
				LogAssemblyErrors (0ms)
				InitializePlatformSupportModulesInManaged (8ms)
				SetLoadedEditorAssemblies (0ms)
				RefreshPlugins (102ms)
				BeforeProcessingInitializeOnLoad (17ms)
				ProcessInitializeOnLoadAttributes (117ms)
				ProcessInitializeOnLoadMethodAttributes (38ms)
				AfterProcessingInitializeOnLoad (0ms)
				EditorAssembliesLoaded (0ms)
			ExecutionOrderSort2 (0ms)
			AwakeInstancesAfterBackupRestoration (0ms)
Platform modules already initialized, skipping
Registering precompiled user dll's ...
Registered in 0.007152 seconds.
Begin MonoManager ReloadAssembly
Symbol file LoadedFromMemory doesn't match image C:\Users\ASUS\Desktop\חטיבה\סמסטר ב\משחקים מתקדם\project2\ex2-force-field-sapir-bar\Library\PackageCache\com.unity.collab-proxy@1.15.15\Lib\Editor\PlasticSCM\unityplastic.dll
Native extension for WindowsStandalone target not found
Native extension for OSXStandalone target not found
Refreshing native plugins compatible for Editor in 158.69 ms, found 3 plugins.
Preloading 0 native plugins for Editor in 0.00 ms.
Mono: successfully reloaded assembly
- Completed reload, in  2.765 seconds
Domain Reload Profiling:
	ReloadAssembly (2768ms)
		BeginReloadAssembly (325ms)
			ExecutionOrderSort (0ms)
			DisableScriptedObjects (6ms)
			BackupInstance (0ms)
			ReleaseScriptingObjects (0ms)
			CreateAndSetChildDomain (33ms)
		EndReloadAssembly (2292ms)
			LoadAssemblies (240ms)
			RebuildTransferFunctionScriptingTraits (0ms)
			SetupTypeCache (740ms)
			ReleaseScriptCaches (1ms)
			RebuildScriptCaches (130ms)
			SetupLoadedEditorAssemblies (923ms)
				LogAssemblyErrors (0ms)
				InitializePlatformSupportModulesInManaged (6ms)
				SetLoadedEditorAssemblies (1ms)
				RefreshPlugins (159ms)
				BeforeProcessingInitializeOnLoad (180ms)
				ProcessInitializeOnLoadAttributes (522ms)
				ProcessInitializeOnLoadMethodAttributes (30ms)
				AfterProcessingInitializeOnLoad (24ms)
				EditorAssembliesLoaded (0ms)
			ExecutionOrderSort2 (0ms)
			AwakeInstancesAfterBackupRestoration (14ms)
Platform modules already initialized, skipping
========================================================================
Worker process is ready to serve import requests
Launched and connected shader compiler UnityShaderCompiler.exe after 0.14 seconds
Refreshing native plugins compatible for Editor in 1.37 ms, found 3 plugins.
Preloading 0 native plugins for Editor in 0.00 ms.
Unloading 3673 Unused Serialized files (Serialized files now loaded: 0)
System memory in use before: 157.4 MB.
System memory in use after: 157.6 MB.

Unloading 25 unused Assets to reduce memory usage. Loaded Objects now: 4109.
Total: 4.604700 ms (FindLiveObjects: 0.390900 ms CreateObjectMapping: 0.186300 ms MarkObjects: 3.938000 ms  DeleteObjects: 0.088400 ms)

AssetImportParameters requested are different than current active one (requested -> active):
  custom:framework-win-MediaFoundation: 216162199b28c13a410421893ffa2e32 -> 
  custom:video-decoder-ogg-theora: a1e56fd34408186e4bbccfd4996cb3dc -> 
  custom:container-muxer-webm: aa71ff27fc2769a1b78a27578f13a17b -> 
  custom:container-demuxer-webm: 4f35f7cbe854078d1ac9338744f61a02 -> 
  custom:container-demuxer-ogg: 62fdf1f143b41e24485cea50d1cbac27 -> 
  custom:video-encoder-webm-vp8: eb34c28f22e8b96e1ab97ce403110664 -> 
  custom:video-decoder-webm-vp8: 9c59270c3fd7afecdb556c50c9e8de78 -> 
  custom:audio-decoder-ogg-vorbis: bf7c407c2cedff20999df2af8eb42d56 -> 
  custom:audio-encoder-webm-vorbis: bf7c407c2cedff20999df2af8eb42d56 -> 
========================================================================
Received Import Request.
  path: Assets/Readme.asset
  artifactKey: Guid(83c2ed844a8c74b779a4c823d16594b1) Importer(815301076,1909f56bfc062723c751e8b465ee728b)
Start importing Assets/Readme.asset using Guid(83c2ed844a8c74b779a4c823d16594b1) Importer(815301076,1909f56bfc062723c751e8b465ee728b)  -> (artifact id: '8ffd2c44ffeb50c574abb5d0c4453328') in 0.098308 seconds 
========================================================================
Received Import Request.
  Time since last request: 7.337556 seconds.
  path: Assets/SpaceshipGenerator
  artifactKey: Guid(990f5c2df70993f4987a388ca178996a) Importer(815301076,1909f56bfc062723c751e8b465ee728b)
Start importing Assets/SpaceshipGenerator using Guid(990f5c2df70993f4987a388ca178996a) Importer(815301076,1909f56bfc062723c751e8b465ee728b)  -> (artifact id: '0fa8f11a32b0e73d98ec54d6954f206d') in 0.012270 seconds 
========================================================================
Received Import Request.
  Time since last request: 3.911814 seconds.
  path: Assets/SpaceshipGenerator/Design/Meshes
  artifactKey: Guid(b1d698bf39ed349f097c457292306c1c) Importer(815301076,1909f56bfc062723c751e8b465ee728b)
Start importing Assets/SpaceshipGenerator/Design/Meshes using Guid(b1d698bf39ed349f097c457292306c1c) Importer(815301076,1909f56bfc062723c751e8b465ee728b)  -> (artifact id: '51a42f639048744b5da9d2675976876d') in 0.011214 seconds 
========================================================================
Received Import Request.
  Time since last request: 0.000588 seconds.
  path: Assets/SpaceshipGenerator/Design/Meshes/ISS BarNi the One.asset
  artifactKey: Guid(fd5431786dfc2f041bf3d0fc0249bc38) Importer(815301076,1909f56bfc062723c751e8b465ee728b)
Start importing Assets/SpaceshipGenerator/Design/Meshes/ISS BarNi the One.asset using Guid(fd5431786dfc2f041bf3d0fc0249bc38) Importer(815301076,1909f56bfc062723c751e8b465ee728b)  -> (artifact id: '1f075448dc4e6bb0860cbd06c5cf7ae4') in 0.702680 seconds 
========================================================================
Received Import Request.
  Time since last request: 0.000491 seconds.
  path: Assets/SpaceshipGenerator/Design/Meshes/SpaceShipMesh2.asset
  artifactKey: Guid(52f06a5c335b00b4f8acbe48f670e1d0) Importer(815301076,1909f56bfc062723c751e8b465ee728b)
Start importing Assets/SpaceshipGenerator/Design/Meshes/SpaceShipMesh2.asset using Guid(52f06a5c335b00b4f8acbe48f670e1d0) Importer(815301076,1909f56bfc062723c751e8b465ee728b)  -> (artifact id: '918747b399001655ddfd72c708fb1c01') in 0.038463 seconds 
========================================================================
Received Import Request.
  Time since last request: 0.000497 seconds.
  path: Assets/SpaceshipGenerator/Design/Meshes/SpaceShipMesh4.asset
  artifactKey: Guid(d37418088ed1fe948aa98badc7e8efff) Importer(815301076,1909f56bfc062723c751e8b465ee728b)
Start importing Assets/SpaceshipGenerator/Design/Meshes/SpaceShipMesh4.asset using Guid(d37418088ed1fe948aa98badc7e8efff) Importer(815301076,1909f56bfc062723c751e8b465ee728b)  -> (artifact id: '9dbca2f0b75e700df695f2ae53a65b5c') in 0.034527 seconds 
========================================================================
Received Import Request.
  Time since last request: 0.000553 seconds.
  path: Assets/SpaceshipGenerator/Design/Meshes/SpaceShipMesh3.asset
  artifactKey: Guid(d33b610375fbc834f8e1fcda02eeb3e0) Importer(815301076,1909f56bfc062723c751e8b465ee728b)
Start importing Assets/SpaceshipGenerator/Design/Meshes/SpaceShipMesh3.asset using Guid(d33b610375fbc834f8e1fcda02eeb3e0) Importer(815301076,1909f56bfc062723c751e8b465ee728b)  -> (artifact id: '563175a84cacfb7a728e6025ba0b8774') in 0.024769 seconds 
========================================================================
Received Import Request.
  Time since last request: 0.000365 seconds.
  path: Assets/SpaceshipGenerator/Design/Meshes/Plane100.asset
  artifactKey: Guid(ee054aa687296475e94ddeaeb44263a0) Importer(815301076,1909f56bfc062723c751e8b465ee728b)
Start importing Assets/SpaceshipGenerator/Design/Meshes/Plane100.asset using Guid(ee054aa687296475e94ddeaeb44263a0) Importer(815301076,1909f56bfc062723c751e8b465ee728b)  -> (artifact id: '35994f6a9d3815e9d7d5f3091d58ebee') in 0.037055 seconds 
========================================================================
Received Import Request.
  Time since last request: 0.000354 seconds.
  path: Assets/SpaceshipGenerator/Design/Meshes/USS BarNi 2.asset
  artifactKey: Guid(f497a83fb4a3cd549aec1d4d70c23f6b) Importer(815301076,1909f56bfc062723c751e8b465ee728b)
Start importing Assets/SpaceshipGenerator/Design/Meshes/USS BarNi 2.asset using Guid(f497a83fb4a3cd549aec1d4d70c23f6b) Importer(815301076,1909f56bfc062723c751e8b465ee728b)  -> (artifact id: 'cb6c3e0fc93dbc59387d65af6f9cce87') in 0.027814 seconds 
========================================================================
Received Import Request.
  Time since last request: 0.000444 seconds.
  path: Assets/SpaceshipGenerator/Design/Meshes/SpaceShipMesh1.asset
  artifactKey: Guid(d37abfa0f60fda948a44c5d00fb5282c) Importer(815301076,1909f56bfc062723c751e8b465ee728b)
Start importing Assets/SpaceshipGenerator/Design/Meshes/SpaceShipMesh1.asset using Guid(d37abfa0f60fda948a44c5d00fb5282c) Importer(815301076,1909f56bfc062723c751e8b465ee728b)  -> (artifact id: '693d68532f5f8d7410db939445f85362') in 0.023890 seconds 
========================================================================
Received Import Request.
  Time since last request: 0.000354 seconds.
  path: Assets/SpaceshipGenerator/Design/Meshes/FoxSpaceship.asset
  artifactKey: Guid(a399e293a31a745db869a6c615aa9f87) Importer(815301076,1909f56bfc062723c751e8b465ee728b)
Start importing Assets/SpaceshipGenerator/Design/Meshes/FoxSpaceship.asset using Guid(a399e293a31a745db869a6c615aa9f87) Importer(815301076,1909f56bfc062723c751e8b465ee728b)  -> (artifact id: 'fc4b96782bb3e9ff6517dac9fe2b5764') in 0.031375 seconds 
AssetImportWorkerClient::OnTransportError - code=2 error=End of file
